<?xml version="1.0" encoding="UTF-8"?>
<!-- Generated by org.testng.reporters.JUnitReportReporter -->
<testsuite hostname="DESKTOP-FG95TS1" name="FrameworkRestApi.com.eatcentral.Driverlogin" tests="1" failures="0" timestamp="15 Jun 2019 14:52:32 GMT" time="8.367" errors="0">
  <testcase name="checkdriverloginwithvalidcredentials" time="8.367" classname="FrameworkRestApi.com.eatcentral.Driverlogin"/>
</testsuite> <!-- FrameworkRestApi.com.eatcentral.Driverlogin -->
